<?xml version="1.0" encoding="UTF-8"?>
<!-- Generated by org.testng.reporters.JUnitXMLReporter -->
<testsuite hostname="DESKTOP-1NFLAVR" ignored="0" name="httpclient" tests="5" failures="0" timestamp="2020-11-11T09:12:18 CST" time="1.206" errors="0">
  <testcase name="dynamicInfo" time="0.633" classname="com.mytest.httpclient.test.M.RequireWorkTable"/>
  <testcase name="getAssessSum" time="0.12" classname="com.mytest.httpclient.test.M.RequireWorkTable"/>
  <testcase name="getLastRecent" time="0.054" classname="com.mytest.httpclient.test.M.RequireWorkTable"/>
  <testcase name="getRequirementSum" time="0.202" classname="com.mytest.httpclient.test.M.RequireWorkTable"/>
  <testcase name="getWorkInfo" time="0.168" classname="com.mytest.httpclient.test.M.RequireWorkTable"/>
</testsuite> <!-- httpclient -->
